3641
7068
7706
9903
13347
14331
15920
17233
20436
20736
22339
23118
24635
26907
28716
31155
33214
33423
36277
37363
39273
42046
43173
46216
49606
50287
52155
53307
56200
56908
57945
60714
2769 4
2197 2
60867
62983
64547
65249
2168 3
65265
1603 4
2893 4
68662
2168 3
69909
70976
73263
1603 4
3427 3
75214
76808
80517
2439 4
80593
81177
81753
2439 4
84278
85207
87540
88633
89903
90776
153 2
91427
95048
97682
99793
100836
0 -1
3710 2
1603 4
101420
104381
106118
108745
111786
113356
116280
117372
120653
122259
3397 0
123355
125981
2626 4
2197 1
126971
127324
128747
3761 4
129809
132071
5262 1
134837
2197 1
135204
137297
3641 3
2288 3
3710 1
138153
1245 2
139945
143168
146946
147900
151189
154245
5449 4
5393 4
2439 2
158098
159675
2854 4
163286
1245 2
166174
169260
173027
176269
179720
3209 2
2626 4
181645
182241
184252
185428
8128 1
188777
2288 3
189449
189968
6116 4
193996
5393 4
195610
2439 2
1332 2
3451 4
199252
199750
2439 3
519 5
201454
201727
205187
208171
5946 5
208645
208829
7121 5
210123
210800
214788
5273 4
217320
217993
0 -1
221791
224548
225841
7121 5
584 3
673 5
8364 5
3642 5
5262 2
227585
2634 3
2439 3
230920
232672
232973
235633
1245 3
236097
2854 5
237552
239876
242226
1704 4
673 5
244615
1744 5
2439 3
247632
249682
251353
251608
253463
7558 3
2888 4
6316 4
253915
255613
7217 3
258662
260271
263062
